<?xml version="1.0" encoding="UTF-8"?>
<testsuite name="ru.educationplatform.service.AssignmentServiceTest" tests="4" skipped="0" failures="0" errors="0" timestamp="2025-11-24T14:01:35.840Z" hostname="DESKTOP-4OLLD4L" time="0.682">
  <properties/>
  <testcase name="shouldGradeSubmission()" classname="ru.educationplatform.service.AssignmentServiceTest" time="0.674"/>
  <testcase name="shouldThrowExceptionWhenSubmissionAlreadyExists()" classname="ru.educationplatform.service.AssignmentServiceTest" time="0.002"/>
  <testcase name="shouldCreateAssignment()" classname="ru.educationplatform.service.AssignmentServiceTest" time="0.001"/>
  <testcase name="shouldSubmitAssignment()" classname="ru.educationplatform.service.AssignmentServiceTest" time="0.002"/>
  <system-out><![CDATA[]]></system-out>
  <system-err><![CDATA[WARNING: A Java agent has been loaded dynamically (C:\Users\ADMIN\.gradle\caches\modules-2\files-2.1\net.bytebuddy\byte-buddy-agent\1.14.10\90ed94ac044ea8953b224304c762316e91fd6b31\byte-buddy-agent-1.14.10.jar)
WARNING: If a serviceability tool is in use, please run with -XX:+EnableDynamicAgentLoading to hide this warning
WARNING: If a serviceability tool is not in use, please run with -Djdk.instrument.traceUsage for more information
WARNING: Dynamic loading of agents will be disallowed by default in a future release
]]></system-err>
</testsuite>
